<?xml version="1.0" encoding="UTF-8"?>
<!-- Generated by org.testng.reporters.JUnitReportReporter -->
<testsuite hostname="LAPTOP-CRVHSKP7" failures="0" tests="3" name="com.Jotform.JotForm.FormTests" time="22.247" errors="0" timestamp="2024-05-02T15:45:22 IST" skipped="0">
  <testcase classname="com.Jotform.JotForm.FormTests" name="verifyNullFieldValidation" time="1.954"/>
  <system-out/>
  <testcase classname="com.Jotform.JotForm.FormTests" name="verifyInvalidData" time="13.320"/>
  <system-out/>
  <testcase classname="com.Jotform.JotForm.FormTests" name="verifyValidData" time="6.973"/>
  <system-out/>
</testsuite> <!-- com.Jotform.JotForm.FormTests -->
